2025-04-20T08:29:40.838-03:00  INFO 14972 --- [libraryapi] [main] i.g.e.libraryapi.LibraryapiApplication   : Starting LibraryapiApplication using Java 21.0.5 with PID 14972 (C:\Users\eduar\OneDrive\Desktop\Eduardo\Projetos\back-end\curso-springboot-expert-2.0\libraryapi\target\classes started by eduar in C:\Users\eduar\OneDrive\Desktop\Eduardo\Projetos\back-end\curso-springboot-expert-2.0\libraryapi)
2025-04-20T08:29:40.845-03:00  INFO 14972 --- [libraryapi] [main] i.g.e.libraryapi.LibraryapiApplication   : No active profile set, falling back to 1 default profile: "default"
2025-04-20T08:29:49.140-03:00  INFO 14972 --- [libraryapi] [main] .s.d.r.c.RepositoryConfigurationDelegate : Bootstrapping Spring Data JPA repositories in DEFAULT mode.
2025-04-20T08:29:50.369-03:00  INFO 14972 --- [libraryapi] [main] .s.d.r.c.RepositoryConfigurationDelegate : Finished Spring Data repository scanning in 1194 ms. Found 4 JPA repository interfaces.
2025-04-20T08:29:53.758-03:00  INFO 14972 --- [libraryapi] [main] o.s.b.w.embedded.tomcat.TomcatWebServer  : Tomcat initialized with port 8080 (http)
2025-04-20T08:29:53.861-03:00  INFO 14972 --- [libraryapi] [main] o.apache.catalina.core.StandardService   : Starting service [Tomcat]
2025-04-20T08:29:53.862-03:00  INFO 14972 --- [libraryapi] [main] o.apache.catalina.core.StandardEngine    : Starting Servlet engine: [Apache Tomcat/10.1.30]
2025-04-20T08:29:54.302-03:00  INFO 14972 --- [libraryapi] [main] o.a.c.c.C.[Tomcat].[localhost].[/]       : Initializing Spring embedded WebApplicationContext
2025-04-20T08:29:54.303-03:00  INFO 14972 --- [libraryapi] [main] w.s.c.ServletWebServerApplicationContext : Root WebApplicationContext: initialization completed in 13281 ms
2025-04-20T08:29:55.082-03:00  INFO 14972 --- [libraryapi] [main] com.zaxxer.hikari.HikariDataSource       : HikariPool-1 - Starting...
2025-04-20T08:29:55.769-03:00  INFO 14972 --- [libraryapi] [main] com.zaxxer.hikari.pool.HikariPool        : HikariPool-1 - Added connection org.postgresql.jdbc.PgConnection@5323999f
2025-04-20T08:29:55.776-03:00  INFO 14972 --- [libraryapi] [main] com.zaxxer.hikari.HikariDataSource       : HikariPool-1 - Start completed.
2025-04-20T08:29:55.953-03:00  INFO 14972 --- [libraryapi] [main] o.hibernate.jpa.internal.util.LogHelper  : HHH000204: Processing PersistenceUnitInfo [name: default]
2025-04-20T08:29:56.303-03:00  INFO 14972 --- [libraryapi] [main] org.hibernate.Version                    : HHH000412: Hibernate ORM core version 6.5.3.Final
2025-04-20T08:29:56.526-03:00  INFO 14972 --- [libraryapi] [main] o.h.c.internal.RegionFactoryInitiator    : HHH000026: Second-level cache disabled
2025-04-20T08:29:57.379-03:00  WARN 14972 --- [libraryapi] [main] org.hibernate.orm.deprecation            : HHH90000025: PostgreSQLDialect does not need to be specified explicitly using 'hibernate.dialect' (remove the property setting and it will be selected by default)
2025-04-20T08:29:58.420-03:00  INFO 14972 --- [libraryapi] [main] o.s.o.j.p.SpringPersistenceUnitInfo      : No LoadTimeWeaver setup: ignoring JPA class transformer
2025-04-20T08:30:02.751-03:00  INFO 14972 --- [libraryapi] [main] o.h.e.t.j.p.i.JtaPlatformInitiator       : HHH000489: No JTA platform available (set 'hibernate.transaction.jta.platform' to enable JTA platform integration)
2025-04-20T08:30:02.762-03:00  INFO 14972 --- [libraryapi] [main] j.LocalContainerEntityManagerFactoryBean : Initialized JPA EntityManagerFactory for persistence unit 'default'
2025-04-20T08:30:04.313-03:00  INFO 14972 --- [libraryapi] [main] o.s.d.j.r.query.QueryEnhancerFactory     : Hibernate is in classpath; If applicable, HQL parser will be used.
2025-04-20T08:30:07.012-03:00  WARN 14972 --- [libraryapi] [main] JpaBaseConfiguration$JpaWebConfiguration : spring.jpa.open-in-view is enabled by default. Therefore, database queries may be performed during view rendering. Explicitly configure spring.jpa.open-in-view to disable this warning
2025-04-20T08:30:07.064-03:00  INFO 14972 --- [libraryapi] [main] eAuthenticationProviderManagerConfigurer : Global AuthenticationManager configured with AuthenticationProvider bean with name customAuthenticationProvider
2025-04-20T08:30:09.944-03:00  WARN 14972 --- [libraryapi] [main] o.s.s.c.a.web.builders.WebSecurity       : You are asking Spring Security to ignore Deferred [Mvc [pattern='/v3/api-docs/**'], Ant [pattern='/v3/api-docs/**']]. This is not recommended -- please use permitAll via HttpSecurity#authorizeHttpRequests instead.
2025-04-20T08:30:09.945-03:00  WARN 14972 --- [libraryapi] [main] o.s.s.c.a.web.builders.WebSecurity       : You are asking Spring Security to ignore Deferred [Mvc [pattern='/v2/api-docs/**'], Ant [pattern='/v2/api-docs/**']]. This is not recommended -- please use permitAll via HttpSecurity#authorizeHttpRequests instead.
2025-04-20T08:30:09.945-03:00  WARN 14972 --- [libraryapi] [main] o.s.s.c.a.web.builders.WebSecurity       : You are asking Spring Security to ignore Deferred [Mvc [pattern='/swagger-resources/**'], Ant [pattern='/swagger-resources/**']]. This is not recommended -- please use permitAll via HttpSecurity#authorizeHttpRequests instead.
2025-04-20T08:30:09.945-03:00  WARN 14972 --- [libraryapi] [main] o.s.s.c.a.web.builders.WebSecurity       : You are asking Spring Security to ignore Deferred [Mvc [pattern='/swagger-ui.html'], Ant [pattern='/swagger-ui.html']]. This is not recommended -- please use permitAll via HttpSecurity#authorizeHttpRequests instead.
2025-04-20T08:30:09.946-03:00  WARN 14972 --- [libraryapi] [main] o.s.s.c.a.web.builders.WebSecurity       : You are asking Spring Security to ignore Deferred [Mvc [pattern='/swagger-ui/**'], Ant [pattern='/swagger-ui/**']]. This is not recommended -- please use permitAll via HttpSecurity#authorizeHttpRequests instead.
2025-04-20T08:30:09.946-03:00  WARN 14972 --- [libraryapi] [main] o.s.s.c.a.web.builders.WebSecurity       : You are asking Spring Security to ignore Deferred [Mvc [pattern='/webjars/**'], Ant [pattern='/webjars/**']]. This is not recommended -- please use permitAll via HttpSecurity#authorizeHttpRequests instead.
2025-04-20T08:30:11.543-03:00  INFO 14972 --- [libraryapi] [main] o.s.b.w.embedded.tomcat.TomcatWebServer  : Tomcat started on port 8080 (http) with context path '/'
2025-04-20T08:30:11.577-03:00  INFO 14972 --- [libraryapi] [main] i.g.e.libraryapi.LibraryapiApplication   : Started LibraryapiApplication in 33.102 seconds (process running for 75.576)
2025-04-20T08:30:22.535-03:00  INFO 14972 --- [libraryapi] [SpringApplicationShutdownHook] j.LocalContainerEntityManagerFactoryBean : Closing JPA EntityManagerFactory for persistence unit 'default'
2025-04-20T08:30:22.539-03:00  INFO 14972 --- [libraryapi] [SpringApplicationShutdownHook] com.zaxxer.hikari.HikariDataSource       : HikariPool-1 - Shutdown initiated...
2025-04-20T08:30:22.560-03:00  INFO 14972 --- [libraryapi] [SpringApplicationShutdownHook] com.zaxxer.hikari.HikariDataSource       : HikariPool-1 - Shutdown completed.
2025-04-20T08:50:02.798-03:00  INFO 6968 --- [libraryapi] [main] i.g.e.libraryapi.LibraryapiApplication   : Starting LibraryapiApplication using Java 21.0.5 with PID 6968 (C:\Users\eduar\OneDrive\Desktop\Eduardo\Projetos\back-end\curso-springboot-expert-2.0\libraryapi\target\classes started by eduar in C:\Users\eduar\OneDrive\Desktop\Eduardo\Projetos\back-end\curso-springboot-expert-2.0\libraryapi)
2025-04-20T08:50:02.802-03:00 DEBUG 6968 --- [libraryapi] [main] i.g.e.libraryapi.LibraryapiApplication   : Running with Spring Boot v3.3.4, Spring v6.1.13
2025-04-20T08:50:02.804-03:00  INFO 6968 --- [libraryapi] [main] i.g.e.libraryapi.LibraryapiApplication   : No active profile set, falling back to 1 default profile: "default"
2025-04-20T08:50:09.645-03:00  INFO 6968 --- [libraryapi] [main] o.hibernate.jpa.internal.util.LogHelper  : HHH000204: Processing PersistenceUnitInfo [name: default]
2025-04-20T08:50:09.804-03:00  INFO 6968 --- [libraryapi] [main] org.hibernate.Version                    : HHH000412: Hibernate ORM core version 6.5.3.Final
2025-04-20T08:50:09.915-03:00  INFO 6968 --- [libraryapi] [main] o.h.c.internal.RegionFactoryInitiator    : HHH000026: Second-level cache disabled
2025-04-20T08:50:10.264-03:00  WARN 6968 --- [libraryapi] [main] org.hibernate.orm.deprecation            : HHH90000025: PostgreSQLDialect does not need to be specified explicitly using 'hibernate.dialect' (remove the property setting and it will be selected by default)
2025-04-20T08:50:12.578-03:00  INFO 6968 --- [libraryapi] [main] o.h.e.t.j.p.i.JtaPlatformInitiator       : HHH000489: No JTA platform available (set 'hibernate.transaction.jta.platform' to enable JTA platform integration)
2025-04-20T08:50:13.102-03:00 DEBUG 6968 --- [libraryapi] [main] i.g.e.l.s.JwtCustomAuthenticationFilter  : Filter 'jwtCustomAuthenticationFilter' configured for use
2025-04-20T08:50:14.760-03:00  WARN 6968 --- [libraryapi] [main] JpaBaseConfiguration$JpaWebConfiguration : spring.jpa.open-in-view is enabled by default. Therefore, database queries may be performed during view rendering. Explicitly configure spring.jpa.open-in-view to disable this warning
2025-04-20T08:50:15.060-03:00 DEBUG 6968 --- [libraryapi] [main] s.w.s.m.m.a.RequestMappingHandlerMapping : 21 mappings in 'requestMappingHandlerMapping'
2025-04-20T08:50:15.082-03:00 DEBUG 6968 --- [libraryapi] [main] o.s.w.s.handler.SimpleUrlHandlerMapping  : Patterns [/login] in 'viewControllerHandlerMapping'
2025-04-20T08:50:15.131-03:00 DEBUG 6968 --- [libraryapi] [main] o.s.w.s.handler.SimpleUrlHandlerMapping  : Patterns [/swagger-ui*/*swagger-initializer.js, /swagger-ui*/**] in 'resourceHandlerMapping'
2025-04-20T08:50:15.899-03:00  WARN 6968 --- [libraryapi] [main] o.s.s.c.a.web.builders.WebSecurity       : You are asking Spring Security to ignore Deferred [Mvc [pattern='/v3/api-docs/**'], Ant [pattern='/v3/api-docs/**']]. This is not recommended -- please use permitAll via HttpSecurity#authorizeHttpRequests instead.
2025-04-20T08:50:15.901-03:00  WARN 6968 --- [libraryapi] [main] o.s.s.c.a.web.builders.WebSecurity       : You are asking Spring Security to ignore Deferred [Mvc [pattern='/v2/api-docs/**'], Ant [pattern='/v2/api-docs/**']]. This is not recommended -- please use permitAll via HttpSecurity#authorizeHttpRequests instead.
2025-04-20T08:50:15.901-03:00  WARN 6968 --- [libraryapi] [main] o.s.s.c.a.web.builders.WebSecurity       : You are asking Spring Security to ignore Deferred [Mvc [pattern='/swagger-resources/**'], Ant [pattern='/swagger-resources/**']]. This is not recommended -- please use permitAll via HttpSecurity#authorizeHttpRequests instead.
2025-04-20T08:50:15.901-03:00  WARN 6968 --- [libraryapi] [main] o.s.s.c.a.web.builders.WebSecurity       : You are asking Spring Security to ignore Deferred [Mvc [pattern='/swagger-ui.html'], Ant [pattern='/swagger-ui.html']]. This is not recommended -- please use permitAll via HttpSecurity#authorizeHttpRequests instead.
2025-04-20T08:50:15.901-03:00  WARN 6968 --- [libraryapi] [main] o.s.s.c.a.web.builders.WebSecurity       : You are asking Spring Security to ignore Deferred [Mvc [pattern='/swagger-ui/**'], Ant [pattern='/swagger-ui/**']]. This is not recommended -- please use permitAll via HttpSecurity#authorizeHttpRequests instead.
2025-04-20T08:50:15.901-03:00  WARN 6968 --- [libraryapi] [main] o.s.s.c.a.web.builders.WebSecurity       : You are asking Spring Security to ignore Deferred [Mvc [pattern='/webjars/**'], Ant [pattern='/webjars/**']]. This is not recommended -- please use permitAll via HttpSecurity#authorizeHttpRequests instead.
2025-04-20T08:50:15.998-03:00 DEBUG 6968 --- [libraryapi] [main] s.w.s.m.m.a.RequestMappingHandlerAdapter : ControllerAdvice beans: 0 @ModelAttribute, 0 @InitBinder, 1 RequestBodyAdvice, 1 ResponseBodyAdvice
2025-04-20T08:50:16.051-03:00 DEBUG 6968 --- [libraryapi] [main] .m.m.a.ExceptionHandlerExceptionResolver : ControllerAdvice beans: 2 @ExceptionHandler, 1 ResponseBodyAdvice
2025-04-20T08:50:16.595-03:00  INFO 6968 --- [libraryapi] [main] i.g.e.libraryapi.LibraryapiApplication   : Started LibraryapiApplication in 15.171 seconds (process running for 19.043)
