2025-04-20T08:34:15.656-03:00  INFO 4628 --- [libraryapi] [main] i.g.e.libraryapi.LibraryapiApplication   : Starting LibraryapiApplication using Java 21.0.5 with PID 4628 (C:\Users\eduar\OneDrive\Desktop\Eduardo\Projetos\back-end\curso-springboot-expert-2.0\libraryapi\target\classes started by eduar in C:\Users\eduar\OneDrive\Desktop\Eduardo\Projetos\back-end\curso-springboot-expert-2.0\libraryapi)
2025-04-20T08:34:15.662-03:00  INFO 4628 --- [libraryapi] [main] i.g.e.libraryapi.LibraryapiApplication   : No active profile set, falling back to 1 default profile: "default"
2025-04-20T08:34:19.145-03:00  INFO 4628 --- [libraryapi] [main] .s.d.r.c.RepositoryConfigurationDelegate : Bootstrapping Spring Data JPA repositories in DEFAULT mode.
2025-04-20T08:34:19.617-03:00  INFO 4628 --- [libraryapi] [main] .s.d.r.c.RepositoryConfigurationDelegate : Finished Spring Data repository scanning in 457 ms. Found 4 JPA repository interfaces.
2025-04-20T08:34:21.303-03:00  INFO 4628 --- [libraryapi] [main] o.s.b.w.embedded.tomcat.TomcatWebServer  : Tomcat initialized with port 8080 (http)
2025-04-20T08:34:21.357-03:00  INFO 4628 --- [libraryapi] [main] o.apache.catalina.core.StandardService   : Starting service [Tomcat]
2025-04-20T08:34:21.359-03:00  INFO 4628 --- [libraryapi] [main] o.apache.catalina.core.StandardEngine    : Starting Servlet engine: [Apache Tomcat/10.1.30]
2025-04-20T08:34:21.576-03:00  INFO 4628 --- [libraryapi] [main] o.a.c.c.C.[Tomcat].[localhost].[/]       : Initializing Spring embedded WebApplicationContext
2025-04-20T08:34:21.577-03:00  INFO 4628 --- [libraryapi] [main] w.s.c.ServletWebServerApplicationContext : Root WebApplicationContext: initialization completed in 5782 ms
2025-04-20T08:34:22.010-03:00  INFO 4628 --- [libraryapi] [main] com.zaxxer.hikari.HikariDataSource       : HikariPool-1 - Starting...
2025-04-20T08:34:22.290-03:00  INFO 4628 --- [libraryapi] [main] com.zaxxer.hikari.pool.HikariPool        : HikariPool-1 - Added connection org.postgresql.jdbc.PgConnection@166b11e
2025-04-20T08:34:22.293-03:00  INFO 4628 --- [libraryapi] [main] com.zaxxer.hikari.HikariDataSource       : HikariPool-1 - Start completed.
2025-04-20T08:34:22.362-03:00  INFO 4628 --- [libraryapi] [main] o.hibernate.jpa.internal.util.LogHelper  : HHH000204: Processing PersistenceUnitInfo [name: default]
2025-04-20T08:34:22.514-03:00  INFO 4628 --- [libraryapi] [main] org.hibernate.Version                    : HHH000412: Hibernate ORM core version 6.5.3.Final
2025-04-20T08:34:22.630-03:00  INFO 4628 --- [libraryapi] [main] o.h.c.internal.RegionFactoryInitiator    : HHH000026: Second-level cache disabled
2025-04-20T08:34:23.037-03:00  WARN 4628 --- [libraryapi] [main] org.hibernate.orm.deprecation            : HHH90000025: PostgreSQLDialect does not need to be specified explicitly using 'hibernate.dialect' (remove the property setting and it will be selected by default)
2025-04-20T08:34:23.504-03:00  INFO 4628 --- [libraryapi] [main] o.s.o.j.p.SpringPersistenceUnitInfo      : No LoadTimeWeaver setup: ignoring JPA class transformer
2025-04-20T08:34:25.070-03:00  INFO 4628 --- [libraryapi] [main] o.h.e.t.j.p.i.JtaPlatformInitiator       : HHH000489: No JTA platform available (set 'hibernate.transaction.jta.platform' to enable JTA platform integration)
2025-04-20T08:34:25.074-03:00  INFO 4628 --- [libraryapi] [main] j.LocalContainerEntityManagerFactoryBean : Initialized JPA EntityManagerFactory for persistence unit 'default'
2025-04-20T08:34:25.699-03:00  INFO 4628 --- [libraryapi] [main] o.s.d.j.r.query.QueryEnhancerFactory     : Hibernate is in classpath; If applicable, HQL parser will be used.
2025-04-20T08:34:27.108-03:00  WARN 4628 --- [libraryapi] [main] JpaBaseConfiguration$JpaWebConfiguration : spring.jpa.open-in-view is enabled by default. Therefore, database queries may be performed during view rendering. Explicitly configure spring.jpa.open-in-view to disable this warning
2025-04-20T08:34:27.143-03:00  INFO 4628 --- [libraryapi] [main] eAuthenticationProviderManagerConfigurer : Global AuthenticationManager configured with AuthenticationProvider bean with name customAuthenticationProvider
2025-04-20T08:34:28.330-03:00  WARN 4628 --- [libraryapi] [main] o.s.s.c.a.web.builders.WebSecurity       : You are asking Spring Security to ignore Deferred [Mvc [pattern='/v3/api-docs/**'], Ant [pattern='/v3/api-docs/**']]. This is not recommended -- please use permitAll via HttpSecurity#authorizeHttpRequests instead.
2025-04-20T08:34:28.332-03:00  WARN 4628 --- [libraryapi] [main] o.s.s.c.a.web.builders.WebSecurity       : You are asking Spring Security to ignore Deferred [Mvc [pattern='/v2/api-docs/**'], Ant [pattern='/v2/api-docs/**']]. This is not recommended -- please use permitAll via HttpSecurity#authorizeHttpRequests instead.
2025-04-20T08:34:28.333-03:00  WARN 4628 --- [libraryapi] [main] o.s.s.c.a.web.builders.WebSecurity       : You are asking Spring Security to ignore Deferred [Mvc [pattern='/swagger-resources/**'], Ant [pattern='/swagger-resources/**']]. This is not recommended -- please use permitAll via HttpSecurity#authorizeHttpRequests instead.
2025-04-20T08:34:28.333-03:00  WARN 4628 --- [libraryapi] [main] o.s.s.c.a.web.builders.WebSecurity       : You are asking Spring Security to ignore Deferred [Mvc [pattern='/swagger-ui.html'], Ant [pattern='/swagger-ui.html']]. This is not recommended -- please use permitAll via HttpSecurity#authorizeHttpRequests instead.
2025-04-20T08:34:28.333-03:00  WARN 4628 --- [libraryapi] [main] o.s.s.c.a.web.builders.WebSecurity       : You are asking Spring Security to ignore Deferred [Mvc [pattern='/swagger-ui/**'], Ant [pattern='/swagger-ui/**']]. This is not recommended -- please use permitAll via HttpSecurity#authorizeHttpRequests instead.
2025-04-20T08:34:28.333-03:00  WARN 4628 --- [libraryapi] [main] o.s.s.c.a.web.builders.WebSecurity       : You are asking Spring Security to ignore Deferred [Mvc [pattern='/webjars/**'], Ant [pattern='/webjars/**']]. This is not recommended -- please use permitAll via HttpSecurity#authorizeHttpRequests instead.
2025-04-20T08:34:29.037-03:00  INFO 4628 --- [libraryapi] [main] o.s.b.w.embedded.tomcat.TomcatWebServer  : Tomcat started on port 8080 (http) with context path '/'
2025-04-20T08:34:29.050-03:00  INFO 4628 --- [libraryapi] [main] i.g.e.libraryapi.LibraryapiApplication   : Started LibraryapiApplication in 14.381 seconds (process running for 28.093)
